<?xml version="1.0" encoding="UTF-8"?>
<!-- Generated by org.testng.reporters.JUnitXMLReporter -->
<testsuite ignored="0" hostname="DESKTOP-7JS13NB" failures="0" tests="2" name="OrangeHRM UI and API Tests" time="55.767" errors="0" timestamp="2026-09-15T14:23:01 IST">
  <testcase classname="tests.EmployeeLifecycleTest" name="employeeLifecycleTest" time="38.609"/>
  <testcase classname="tests.EmployeeApiTest" name="employeeApiLifecycleTest" time="9.955"/>
</testsuite> <!-- OrangeHRM UI and API Tests -->
