<?xml version="1.0" encoding="UTF-8"?>
<testng-results ignored="0" total="2" passed="2" failed="0" skipped="0">
  <reporter-output>
  </reporter-output>
  <suite started-at="2026-09-15T14:22:05 IST" name="OrangeHRM Assessment Suite" finished-at="2026-09-15T14:23:00 IST" duration-ms="55767">
    <groups>
    </groups>
    <test started-at="2026-09-15T14:22:05 IST" name="OrangeHRM UI and API Tests" finished-at="2026-09-15T14:23:00 IST" duration-ms="55767">
      <class name="tests.EmployeeApiTest">
        <test-method signature="employeeApiLifecycleTest()[pri:0, instance:tests.EmployeeApiTest@7283d3eb]" started-at="2026-09-15T14:22:50 IST" name="employeeApiLifecycleTest" finished-at="2026-09-15T14:23:00 IST" duration-ms="9955" status="PASS">
          <reporter-output>
          </reporter-output>
        </test-method> <!-- employeeApiLifecycleTest -->
      </class> <!-- tests.EmployeeApiTest -->
      <class name="tests.EmployeeLifecycleTest">
        <test-method is-config="true" signature="setUp()[pri:0, instance:tests.EmployeeLifecycleTest@17503f6b]" started-at="2026-09-15T14:22:05 IST" name="setUp" finished-at="2026-09-15T14:22:11 IST" duration-ms="6750" status="PASS">
          <reporter-output>
          </reporter-output>
        </test-method> <!-- setUp -->
        <test-method signature="employeeLifecycleTest()[pri:0, instance:tests.EmployeeLifecycleTest@17503f6b]" started-at="2026-09-15T14:22:11 IST" name="employeeLifecycleTest" finished-at="2026-09-15T14:22:50 IST" duration-ms="38609" status="PASS">
          <reporter-output>
          </reporter-output>
        </test-method> <!-- employeeLifecycleTest -->
        <test-method is-config="true" signature="tearDown()[pri:0, instance:tests.EmployeeLifecycleTest@17503f6b]" started-at="2026-09-15T14:22:50 IST" name="tearDown" finished-at="2026-09-15T14:22:50 IST" duration-ms="387" status="PASS">
          <reporter-output>
          </reporter-output>
        </test-method> <!-- tearDown -->
      </class> <!-- tests.EmployeeLifecycleTest -->
    </test> <!-- OrangeHRM UI and API Tests -->
  </suite> <!-- OrangeHRM Assessment Suite -->
</testng-results>
